Base path: 'C:/Program Files/Unity/Hub/Editor/2019.2.5f1/Editor/Data', plugins path 'C:/Program Files/Unity/Hub/Editor/2019.2.5f1/Editor/Data/PlaybackEngines'
Cmd: initializeCompiler
Cmd: preprocessCompute
  insize=2952 outsize=2954 ok=1
Cmd: compileComputeKernel
  api=4 insize=2954 outsize=223 ok=1
Cmd: preprocessCompute
  insize=1605 outsize=1607 ok=1
Cmd: compileComputeKernel
  api=4 insize=1607 outsize=659 ok=1
Cmd: preprocess
  insize=10304 outsize=438 ok=1
Cmd: preprocessCompute
  insize=1552 outsize=1554 ok=1
Cmd: preprocessCompute
  insize=4809 outsize=4811 ok=1
Cmd: preprocessCompute
  insize=3598 outsize=3600 ok=1
Cmd: preprocess
  insize=12423 outsize=438 ok=1
Cmd: preprocessCompute
  insize=1626 outsize=1628 ok=1
Cmd: compileComputeKernel
  api=4 insize=1628 outsize=1398 ok=1
Cmd: preprocessCompute
  insize=5346 outsize=5348 ok=1
Cmd: preprocessCompute
  insize=4968 outsize=4970 ok=1
Cmd: preprocess
  insize=12899 outsize=425 ok=1
Cmd: preprocessCompute
  insize=4809 outsize=4811 ok=1
Cmd: preprocessCompute
  insize=3598 outsize=3600 ok=1
Cmd: preprocess
  insize=12423 outsize=438 ok=1
Cmd: preprocessCompute
  insize=1626 outsize=1628 ok=1
Cmd: preprocessCompute
  insize=2952 outsize=2954 ok=1
Cmd: preprocessCompute
  insize=1605 outsize=1607 ok=1
Cmd: preprocess
  insize=10304 outsize=438 ok=1
Cmd: preprocessCompute
  insize=1552 outsize=1554 ok=1
Cmd: preprocessCompute
  insize=5346 outsize=5348 ok=1
Cmd: preprocessCompute
  insize=4968 outsize=4970 ok=1
Cmd: preprocess
  insize=12899 outsize=425 ok=1
